<?xml version="1.0" encoding="UTF-8"?>
<testsuite name="ru.tests.GroupModificationTests" tests="1" skipped="0" failures="0" errors="0" timestamp="2017-02-27T17:54:01" hostname="User-Asus" time="3.367">
  <properties/>
  <testcase name="testGroupModification" classname="ru.tests.GroupModificationTests" time="3.367"/>
  <system-out><![CDATA[]]></system-out>
  <system-err><![CDATA[]]></system-err>
</testsuite>
