<?xml version="1.0" encoding="UTF-8"?>
<testsuite name="ru.tests.GroupCreationTests" tests="3" skipped="0" failures="0" errors="0" timestamp="2017-02-27T17:53:50" hostname="User-Asus" time="11.119">
  <properties/>
  <testcase name="testGroupCreation[0](GroupData{id='0', name='test 0'})" classname="ru.tests.GroupCreationTests" time="4.689"/>
  <testcase name="testGroupCreation[1](GroupData{id='0', name='test 1'})" classname="ru.tests.GroupCreationTests" time="3.073"/>
  <testcase name="testGroupCreation[2](GroupData{id='0', name='test 2'})" classname="ru.tests.GroupCreationTests" time="3.357"/>
  <system-out><![CDATA[]]></system-out>
  <system-err><![CDATA[]]></system-err>
</testsuite>
