<?xml version="1.0" encoding="UTF-8"?>
<testsuite name="ru.tests.ContactDeletionTests" tests="1" skipped="0" failures="0" errors="0" timestamp="2017-02-27T17:39:08" hostname="User-Asus" time="3.353">
  <properties/>
  <testcase name="testContactDeletion" classname="ru.tests.ContactDeletionTests" time="3.353"/>
  <system-out><![CDATA[]]></system-out>
  <system-err><![CDATA[]]></system-err>
</testsuite>
