<?xml version="1.0" encoding="UTF-8"?>
<testsuite name="ru.tests.ContactCreationTests" tests="3" skipped="0" failures="0" errors="0" timestamp="2017-03-26T11:32:52" hostname="User-Asus" time="18.327">
  <properties/>
  <testcase name="testContactCreation[0](ContactData{id=0, firstname='Р•РєР°С‚РµСЂРёРЅР° 0', middlename='РђР»РµРєСЃР°РЅРґСЂРѕРІРЅР° 0', lastname='РўСѓР¶РёР»РєРёРЅР° 0', company='home 0', address='РҐСЂСѓСЃС‚Р°Р»РµРІР° 97, 61 0', group='[none]', homePhone='32 11 58 0', mobilePhone='+7 978 740 74 21 0', workPhone='+12345 0', allPhones='', email='tuz.kat@gmail.com 0', email2='t.k@gmail.com 0', email3='t.k@otr.ru 0', allEmails=''})" classname="ru.tests.ContactCreationTests" time="7.995"/>
  <testcase name="testContactCreation[1](ContactData{id=0, firstname='Р•РєР°С‚РµСЂРёРЅР° 1', middlename='РђР»РµРєСЃР°РЅРґСЂРѕРІРЅР° 1', lastname='РўСѓР¶РёР»РєРёРЅР° 1', company='home 1', address='РҐСЂСѓСЃС‚Р°Р»РµРІР° 97, 61 1', group='[none]', homePhone='32 11 58 1', mobilePhone='+7 978 740 74 21 1', workPhone='+12345 1', allPhones='', email='tuz.kat@gmail.com 1', email2='t.k@gmail.com 1', email3='t.k@otr.ru 1', allEmails=''})" classname="ru.tests.ContactCreationTests" time="5.299"/>
  <testcase name="testContactCreation[2](ContactData{id=0, firstname='Р•РєР°С‚РµСЂРёРЅР° 2', middlename='РђР»РµРєСЃР°РЅРґСЂРѕРІРЅР° 2', lastname='РўСѓР¶РёР»РєРёРЅР° 2', company='home 2', address='РҐСЂСѓСЃС‚Р°Р»РµРІР° 97, 61 2', group='[none]', homePhone='32 11 58 2', mobilePhone='+7 978 740 74 21 2', workPhone='+12345 2', allPhones='', email='tuz.kat@gmail.com 2', email2='t.k@gmail.com 2', email3='t.k@otr.ru 2', allEmails=''})" classname="ru.tests.ContactCreationTests" time="4.737"/>
  <system-out><![CDATA[Hibernate: select contactdat0_.id as id1_1_, contactdat0_.address as address2_1_, contactdat0_.company as company3_1_, contactdat0_.email as email4_1_, contactdat0_.email2 as email5_1_, contactdat0_.email3 as email6_1_, contactdat0_.firstname as firstnam7_1_, contactdat0_.home as home8_1_, contactdat0_.lastname as lastname9_1_, contactdat0_.middlename as middlen10_1_, contactdat0_.mobile as mobile11_1_, contactdat0_.photo as photo12_1_, contactdat0_.work as work13_1_ from addressbook contactdat0_ where deprecated='0000-00-00'
Hibernate: select groups0_.id as id1_0_0_, groups0_.group_id as group_id2_0_0_, groupdata1_.group_id as group_id1_2_1_, groupdata1_.group_footer as group_fo2_2_1_, groupdata1_.group_header as group_he3_2_1_, groupdata1_.group_name as group_na4_2_1_ from address_in_groups groups0_ inner join group_list groupdata1_ on groups0_.group_id=groupdata1_.group_id where groups0_.id=?
Hibernate: select groups0_.id as id1_0_0_, groups0_.group_id as group_id2_0_0_, groupdata1_.group_id as group_id1_2_1_, groupdata1_.group_footer as group_fo2_2_1_, groupdata1_.group_header as group_he3_2_1_, groupdata1_.group_name as group_na4_2_1_ from address_in_groups groups0_ inner join group_list groupdata1_ on groups0_.group_id=groupdata1_.group_id where groups0_.id=?
Hibernate: select groups0_.id as id1_0_0_, groups0_.group_id as group_id2_0_0_, groupdata1_.group_id as group_id1_2_1_, groupdata1_.group_footer as group_fo2_2_1_, groupdata1_.group_header as group_he3_2_1_, groupdata1_.group_name as group_na4_2_1_ from address_in_groups groups0_ inner join group_list groupdata1_ on groups0_.group_id=groupdata1_.group_id where groups0_.id=?
Hibernate: select groups0_.id as id1_0_0_, groups0_.group_id as group_id2_0_0_, groupdata1_.group_id as group_id1_2_1_, groupdata1_.group_footer as group_fo2_2_1_, groupdata1_.group_header as group_he3_2_1_, groupdata1_.group_name as group_na4_2_1_ from address_in_groups groups0_ inner join group_list groupdata1_ on groups0_.group_id=groupdata1_.group_id where groups0_.id=?
Hibernate: select groups0_.id as id1_0_0_, groups0_.group_id as group_id2_0_0_, groupdata1_.group_id as group_id1_2_1_, groupdata1_.group_footer as group_fo2_2_1_, groupdata1_.group_header as group_he3_2_1_, groupdata1_.group_name as group_na4_2_1_ from address_in_groups groups0_ inner join group_list groupdata1_ on groups0_.group_id=groupdata1_.group_id where groups0_.id=?
Hibernate: select groups0_.id as id1_0_0_, groups0_.group_id as group_id2_0_0_, groupdata1_.group_id as group_id1_2_1_, groupdata1_.group_footer as group_fo2_2_1_, groupdata1_.group_header as group_he3_2_1_, groupdata1_.group_name as group_na4_2_1_ from address_in_groups groups0_ inner join group_list groupdata1_ on groups0_.group_id=groupdata1_.group_id where groups0_.id=?
Hibernate: select groupdata0_.group_id as group_id1_2_, groupdata0_.group_footer as group_fo2_2_, groupdata0_.group_header as group_he3_2_, groupdata0_.group_name as group_na4_2_ from group_list groupdata0_
Hibernate: select contactdat0_.id as id1_1_, contactdat0_.address as address2_1_, contactdat0_.company as company3_1_, contactdat0_.email as email4_1_, contactdat0_.email2 as email5_1_, contactdat0_.email3 as email6_1_, contactdat0_.firstname as firstnam7_1_, contactdat0_.home as home8_1_, contactdat0_.lastname as lastname9_1_, contactdat0_.middlename as middlen10_1_, contactdat0_.mobile as mobile11_1_, contactdat0_.photo as photo12_1_, contactdat0_.work as work13_1_ from addressbook contactdat0_ where deprecated='0000-00-00'
Hibernate: select groups0_.id as id1_0_0_, groups0_.group_id as group_id2_0_0_, groupdata1_.group_id as group_id1_2_1_, groupdata1_.group_footer as group_fo2_2_1_, groupdata1_.group_header as group_he3_2_1_, groupdata1_.group_name as group_na4_2_1_ from address_in_groups groups0_ inner join group_list groupdata1_ on groups0_.group_id=groupdata1_.group_id where groups0_.id=?
Hibernate: select groups0_.id as id1_0_0_, groups0_.group_id as group_id2_0_0_, groupdata1_.group_id as group_id1_2_1_, groupdata1_.group_footer as group_fo2_2_1_, groupdata1_.group_header as group_he3_2_1_, groupdata1_.group_name as group_na4_2_1_ from address_in_groups groups0_ inner join group_list groupdata1_ on groups0_.group_id=groupdata1_.group_id where groups0_.id=?
Hibernate: select groups0_.id as id1_0_0_, groups0_.group_id as group_id2_0_0_, groupdata1_.group_id as group_id1_2_1_, groupdata1_.group_footer as group_fo2_2_1_, groupdata1_.group_header as group_he3_2_1_, groupdata1_.group_name as group_na4_2_1_ from address_in_groups groups0_ inner join group_list groupdata1_ on groups0_.group_id=groupdata1_.group_id where groups0_.id=?
Hibernate: select groups0_.id as id1_0_0_, groups0_.group_id as group_id2_0_0_, groupdata1_.group_id as group_id1_2_1_, groupdata1_.group_footer as group_fo2_2_1_, groupdata1_.group_header as group_he3_2_1_, groupdata1_.group_name as group_na4_2_1_ from address_in_groups groups0_ inner join group_list groupdata1_ on groups0_.group_id=groupdata1_.group_id where groups0_.id=?
Hibernate: select groups0_.id as id1_0_0_, groups0_.group_id as group_id2_0_0_, groupdata1_.group_id as group_id1_2_1_, groupdata1_.group_footer as group_fo2_2_1_, groupdata1_.group_header as group_he3_2_1_, groupdata1_.group_name as group_na4_2_1_ from address_in_groups groups0_ inner join group_list groupdata1_ on groups0_.group_id=groupdata1_.group_id where groups0_.id=?
Hibernate: select groups0_.id as id1_0_0_, groups0_.group_id as group_id2_0_0_, groupdata1_.group_id as group_id1_2_1_, groupdata1_.group_footer as group_fo2_2_1_, groupdata1_.group_header as group_he3_2_1_, groupdata1_.group_name as group_na4_2_1_ from address_in_groups groups0_ inner join group_list groupdata1_ on groups0_.group_id=groupdata1_.group_id where groups0_.id=?
Hibernate: select groups0_.id as id1_0_0_, groups0_.group_id as group_id2_0_0_, groupdata1_.group_id as group_id1_2_1_, groupdata1_.group_footer as group_fo2_2_1_, groupdata1_.group_header as group_he3_2_1_, groupdata1_.group_name as group_na4_2_1_ from address_in_groups groups0_ inner join group_list groupdata1_ on groups0_.group_id=groupdata1_.group_id where groups0_.id=?
Hibernate: select contactdat0_.id as id1_1_, contactdat0_.address as address2_1_, contactdat0_.company as company3_1_, contactdat0_.email as email4_1_, contactdat0_.email2 as email5_1_, contactdat0_.email3 as email6_1_, contactdat0_.firstname as firstnam7_1_, contactdat0_.home as home8_1_, contactdat0_.lastname as lastname9_1_, contactdat0_.middlename as middlen10_1_, contactdat0_.mobile as mobile11_1_, contactdat0_.photo as photo12_1_, contactdat0_.work as work13_1_ from addressbook contactdat0_ where deprecated='0000-00-00'
Hibernate: select groups0_.id as id1_0_0_, groups0_.group_id as group_id2_0_0_, groupdata1_.group_id as group_id1_2_1_, groupdata1_.group_footer as group_fo2_2_1_, groupdata1_.group_header as group_he3_2_1_, groupdata1_.group_name as group_na4_2_1_ from address_in_groups groups0_ inner join group_list groupdata1_ on groups0_.group_id=groupdata1_.group_id where groups0_.id=?
Hibernate: select groups0_.id as id1_0_0_, groups0_.group_id as group_id2_0_0_, groupdata1_.group_id as group_id1_2_1_, groupdata1_.group_footer as group_fo2_2_1_, groupdata1_.group_header as group_he3_2_1_, groupdata1_.group_name as group_na4_2_1_ from address_in_groups groups0_ inner join group_list groupdata1_ on groups0_.group_id=groupdata1_.group_id where groups0_.id=?
Hibernate: select groups0_.id as id1_0_0_, groups0_.group_id as group_id2_0_0_, groupdata1_.group_id as group_id1_2_1_, groupdata1_.group_footer as group_fo2_2_1_, groupdata1_.group_header as group_he3_2_1_, groupdata1_.group_name as group_na4_2_1_ from address_in_groups groups0_ inner join group_list groupdata1_ on groups0_.group_id=groupdata1_.group_id where groups0_.id=?
Hibernate: select groups0_.id as id1_0_0_, groups0_.group_id as group_id2_0_0_, groupdata1_.group_id as group_id1_2_1_, groupdata1_.group_footer as group_fo2_2_1_, groupdata1_.group_header as group_he3_2_1_, groupdata1_.group_name as group_na4_2_1_ from address_in_groups groups0_ inner join group_list groupdata1_ on groups0_.group_id=groupdata1_.group_id where groups0_.id=?
Hibernate: select groups0_.id as id1_0_0_, groups0_.group_id as group_id2_0_0_, groupdata1_.group_id as group_id1_2_1_, groupdata1_.group_footer as group_fo2_2_1_, groupdata1_.group_header as group_he3_2_1_, groupdata1_.group_name as group_na4_2_1_ from address_in_groups groups0_ inner join group_list groupdata1_ on groups0_.group_id=groupdata1_.group_id where groups0_.id=?
Hibernate: select groups0_.id as id1_0_0_, groups0_.group_id as group_id2_0_0_, groupdata1_.group_id as group_id1_2_1_, groupdata1_.group_footer as group_fo2_2_1_, groupdata1_.group_header as group_he3_2_1_, groupdata1_.group_name as group_na4_2_1_ from address_in_groups groups0_ inner join group_list groupdata1_ on groups0_.group_id=groupdata1_.group_id where groups0_.id=?
Hibernate: select groups0_.id as id1_0_0_, groups0_.group_id as group_id2_0_0_, groupdata1_.group_id as group_id1_2_1_, groupdata1_.group_footer as group_fo2_2_1_, groupdata1_.group_header as group_he3_2_1_, groupdata1_.group_name as group_na4_2_1_ from address_in_groups groups0_ inner join group_list groupdata1_ on groups0_.group_id=groupdata1_.group_id where groups0_.id=?
Hibernate: select groupdata0_.group_id as group_id1_2_, groupdata0_.group_footer as group_fo2_2_, groupdata0_.group_header as group_he3_2_, groupdata0_.group_name as group_na4_2_ from group_list groupdata0_
Hibernate: select contactdat0_.id as id1_1_, contactdat0_.address as address2_1_, contactdat0_.company as company3_1_, contactdat0_.email as email4_1_, contactdat0_.email2 as email5_1_, contactdat0_.email3 as email6_1_, contactdat0_.firstname as firstnam7_1_, contactdat0_.home as home8_1_, contactdat0_.lastname as lastname9_1_, contactdat0_.middlename as middlen10_1_, contactdat0_.mobile as mobile11_1_, contactdat0_.photo as photo12_1_, contactdat0_.work as work13_1_ from addressbook contactdat0_ where deprecated='0000-00-00'
Hibernate: select groups0_.id as id1_0_0_, groups0_.group_id as group_id2_0_0_, groupdata1_.group_id as group_id1_2_1_, groupdata1_.group_footer as group_fo2_2_1_, groupdata1_.group_header as group_he3_2_1_, groupdata1_.group_name as group_na4_2_1_ from address_in_groups groups0_ inner join group_list groupdata1_ on groups0_.group_id=groupdata1_.group_id where groups0_.id=?
Hibernate: select groups0_.id as id1_0_0_, groups0_.group_id as group_id2_0_0_, groupdata1_.group_id as group_id1_2_1_, groupdata1_.group_footer as group_fo2_2_1_, groupdata1_.group_header as group_he3_2_1_, groupdata1_.group_name as group_na4_2_1_ from address_in_groups groups0_ inner join group_list groupdata1_ on groups0_.group_id=groupdata1_.group_id where groups0_.id=?
Hibernate: select groups0_.id as id1_0_0_, groups0_.group_id as group_id2_0_0_, groupdata1_.group_id as group_id1_2_1_, groupdata1_.group_footer as group_fo2_2_1_, groupdata1_.group_header as group_he3_2_1_, groupdata1_.group_name as group_na4_2_1_ from address_in_groups groups0_ inner join group_list groupdata1_ on groups0_.group_id=groupdata1_.group_id where groups0_.id=?
Hibernate: select groups0_.id as id1_0_0_, groups0_.group_id as group_id2_0_0_, groupdata1_.group_id as group_id1_2_1_, groupdata1_.group_footer as group_fo2_2_1_, groupdata1_.group_header as group_he3_2_1_, groupdata1_.group_name as group_na4_2_1_ from address_in_groups groups0_ inner join group_list groupdata1_ on groups0_.group_id=groupdata1_.group_id where groups0_.id=?
Hibernate: select groups0_.id as id1_0_0_, groups0_.group_id as group_id2_0_0_, groupdata1_.group_id as group_id1_2_1_, groupdata1_.group_footer as group_fo2_2_1_, groupdata1_.group_header as group_he3_2_1_, groupdata1_.group_name as group_na4_2_1_ from address_in_groups groups0_ inner join group_list groupdata1_ on groups0_.group_id=groupdata1_.group_id where groups0_.id=?
Hibernate: select groups0_.id as id1_0_0_, groups0_.group_id as group_id2_0_0_, groupdata1_.group_id as group_id1_2_1_, groupdata1_.group_footer as group_fo2_2_1_, groupdata1_.group_header as group_he3_2_1_, groupdata1_.group_name as group_na4_2_1_ from address_in_groups groups0_ inner join group_list groupdata1_ on groups0_.group_id=groupdata1_.group_id where groups0_.id=?
Hibernate: select groups0_.id as id1_0_0_, groups0_.group_id as group_id2_0_0_, groupdata1_.group_id as group_id1_2_1_, groupdata1_.group_footer as group_fo2_2_1_, groupdata1_.group_header as group_he3_2_1_, groupdata1_.group_name as group_na4_2_1_ from address_in_groups groups0_ inner join group_list groupdata1_ on groups0_.group_id=groupdata1_.group_id where groups0_.id=?
Hibernate: select groups0_.id as id1_0_0_, groups0_.group_id as group_id2_0_0_, groupdata1_.group_id as group_id1_2_1_, groupdata1_.group_footer as group_fo2_2_1_, groupdata1_.group_header as group_he3_2_1_, groupdata1_.group_name as group_na4_2_1_ from address_in_groups groups0_ inner join group_list groupdata1_ on groups0_.group_id=groupdata1_.group_id where groups0_.id=?
Hibernate: select contactdat0_.id as id1_1_, contactdat0_.address as address2_1_, contactdat0_.company as company3_1_, contactdat0_.email as email4_1_, contactdat0_.email2 as email5_1_, contactdat0_.email3 as email6_1_, contactdat0_.firstname as firstnam7_1_, contactdat0_.home as home8_1_, contactdat0_.lastname as lastname9_1_, contactdat0_.middlename as middlen10_1_, contactdat0_.mobile as mobile11_1_, contactdat0_.photo as photo12_1_, contactdat0_.work as work13_1_ from addressbook contactdat0_ where deprecated='0000-00-00'
Hibernate: select groups0_.id as id1_0_0_, groups0_.group_id as group_id2_0_0_, groupdata1_.group_id as group_id1_2_1_, groupdata1_.group_footer as group_fo2_2_1_, groupdata1_.group_header as group_he3_2_1_, groupdata1_.group_name as group_na4_2_1_ from address_in_groups groups0_ inner join group_list groupdata1_ on groups0_.group_id=groupdata1_.group_id where groups0_.id=?
Hibernate: select groups0_.id as id1_0_0_, groups0_.group_id as group_id2_0_0_, groupdata1_.group_id as group_id1_2_1_, groupdata1_.group_footer as group_fo2_2_1_, groupdata1_.group_header as group_he3_2_1_, groupdata1_.group_name as group_na4_2_1_ from address_in_groups groups0_ inner join group_list groupdata1_ on groups0_.group_id=groupdata1_.group_id where groups0_.id=?
Hibernate: select groups0_.id as id1_0_0_, groups0_.group_id as group_id2_0_0_, groupdata1_.group_id as group_id1_2_1_, groupdata1_.group_footer as group_fo2_2_1_, groupdata1_.group_header as group_he3_2_1_, groupdata1_.group_name as group_na4_2_1_ from address_in_groups groups0_ inner join group_list groupdata1_ on groups0_.group_id=groupdata1_.group_id where groups0_.id=?
Hibernate: select groups0_.id as id1_0_0_, groups0_.group_id as group_id2_0_0_, groupdata1_.group_id as group_id1_2_1_, groupdata1_.group_footer as group_fo2_2_1_, groupdata1_.group_header as group_he3_2_1_, groupdata1_.group_name as group_na4_2_1_ from address_in_groups groups0_ inner join group_list groupdata1_ on groups0_.group_id=groupdata1_.group_id where groups0_.id=?
Hibernate: select groups0_.id as id1_0_0_, groups0_.group_id as group_id2_0_0_, groupdata1_.group_id as group_id1_2_1_, groupdata1_.group_footer as group_fo2_2_1_, groupdata1_.group_header as group_he3_2_1_, groupdata1_.group_name as group_na4_2_1_ from address_in_groups groups0_ inner join group_list groupdata1_ on groups0_.group_id=groupdata1_.group_id where groups0_.id=?
Hibernate: select groups0_.id as id1_0_0_, groups0_.group_id as group_id2_0_0_, groupdata1_.group_id as group_id1_2_1_, groupdata1_.group_footer as group_fo2_2_1_, groupdata1_.group_header as group_he3_2_1_, groupdata1_.group_name as group_na4_2_1_ from address_in_groups groups0_ inner join group_list groupdata1_ on groups0_.group_id=groupdata1_.group_id where groups0_.id=?
Hibernate: select groups0_.id as id1_0_0_, groups0_.group_id as group_id2_0_0_, groupdata1_.group_id as group_id1_2_1_, groupdata1_.group_footer as group_fo2_2_1_, groupdata1_.group_header as group_he3_2_1_, groupdata1_.group_name as group_na4_2_1_ from address_in_groups groups0_ inner join group_list groupdata1_ on groups0_.group_id=groupdata1_.group_id where groups0_.id=?
Hibernate: select groups0_.id as id1_0_0_, groups0_.group_id as group_id2_0_0_, groupdata1_.group_id as group_id1_2_1_, groupdata1_.group_footer as group_fo2_2_1_, groupdata1_.group_header as group_he3_2_1_, groupdata1_.group_name as group_na4_2_1_ from address_in_groups groups0_ inner join group_list groupdata1_ on groups0_.group_id=groupdata1_.group_id where groups0_.id=?
Hibernate: select groupdata0_.group_id as group_id1_2_, groupdata0_.group_footer as group_fo2_2_, groupdata0_.group_header as group_he3_2_, groupdata0_.group_name as group_na4_2_ from group_list groupdata0_
Hibernate: select contactdat0_.id as id1_1_, contactdat0_.address as address2_1_, contactdat0_.company as company3_1_, contactdat0_.email as email4_1_, contactdat0_.email2 as email5_1_, contactdat0_.email3 as email6_1_, contactdat0_.firstname as firstnam7_1_, contactdat0_.home as home8_1_, contactdat0_.lastname as lastname9_1_, contactdat0_.middlename as middlen10_1_, contactdat0_.mobile as mobile11_1_, contactdat0_.photo as photo12_1_, contactdat0_.work as work13_1_ from addressbook contactdat0_ where deprecated='0000-00-00'
Hibernate: select groups0_.id as id1_0_0_, groups0_.group_id as group_id2_0_0_, groupdata1_.group_id as group_id1_2_1_, groupdata1_.group_footer as group_fo2_2_1_, groupdata1_.group_header as group_he3_2_1_, groupdata1_.group_name as group_na4_2_1_ from address_in_groups groups0_ inner join group_list groupdata1_ on groups0_.group_id=groupdata1_.group_id where groups0_.id=?
Hibernate: select groups0_.id as id1_0_0_, groups0_.group_id as group_id2_0_0_, groupdata1_.group_id as group_id1_2_1_, groupdata1_.group_footer as group_fo2_2_1_, groupdata1_.group_header as group_he3_2_1_, groupdata1_.group_name as group_na4_2_1_ from address_in_groups groups0_ inner join group_list groupdata1_ on groups0_.group_id=groupdata1_.group_id where groups0_.id=?
Hibernate: select groups0_.id as id1_0_0_, groups0_.group_id as group_id2_0_0_, groupdata1_.group_id as group_id1_2_1_, groupdata1_.group_footer as group_fo2_2_1_, groupdata1_.group_header as group_he3_2_1_, groupdata1_.group_name as group_na4_2_1_ from address_in_groups groups0_ inner join group_list groupdata1_ on groups0_.group_id=groupdata1_.group_id where groups0_.id=?
Hibernate: select groups0_.id as id1_0_0_, groups0_.group_id as group_id2_0_0_, groupdata1_.group_id as group_id1_2_1_, groupdata1_.group_footer as group_fo2_2_1_, groupdata1_.group_header as group_he3_2_1_, groupdata1_.group_name as group_na4_2_1_ from address_in_groups groups0_ inner join group_list groupdata1_ on groups0_.group_id=groupdata1_.group_id where groups0_.id=?
Hibernate: select groups0_.id as id1_0_0_, groups0_.group_id as group_id2_0_0_, groupdata1_.group_id as group_id1_2_1_, groupdata1_.group_footer as group_fo2_2_1_, groupdata1_.group_header as group_he3_2_1_, groupdata1_.group_name as group_na4_2_1_ from address_in_groups groups0_ inner join group_list groupdata1_ on groups0_.group_id=groupdata1_.group_id where groups0_.id=?
Hibernate: select groups0_.id as id1_0_0_, groups0_.group_id as group_id2_0_0_, groupdata1_.group_id as group_id1_2_1_, groupdata1_.group_footer as group_fo2_2_1_, groupdata1_.group_header as group_he3_2_1_, groupdata1_.group_name as group_na4_2_1_ from address_in_groups groups0_ inner join group_list groupdata1_ on groups0_.group_id=groupdata1_.group_id where groups0_.id=?
Hibernate: select groups0_.id as id1_0_0_, groups0_.group_id as group_id2_0_0_, groupdata1_.group_id as group_id1_2_1_, groupdata1_.group_footer as group_fo2_2_1_, groupdata1_.group_header as group_he3_2_1_, groupdata1_.group_name as group_na4_2_1_ from address_in_groups groups0_ inner join group_list groupdata1_ on groups0_.group_id=groupdata1_.group_id where groups0_.id=?
Hibernate: select groups0_.id as id1_0_0_, groups0_.group_id as group_id2_0_0_, groupdata1_.group_id as group_id1_2_1_, groupdata1_.group_footer as group_fo2_2_1_, groupdata1_.group_header as group_he3_2_1_, groupdata1_.group_name as group_na4_2_1_ from address_in_groups groups0_ inner join group_list groupdata1_ on groups0_.group_id=groupdata1_.group_id where groups0_.id=?
Hibernate: select groups0_.id as id1_0_0_, groups0_.group_id as group_id2_0_0_, groupdata1_.group_id as group_id1_2_1_, groupdata1_.group_footer as group_fo2_2_1_, groupdata1_.group_header as group_he3_2_1_, groupdata1_.group_name as group_na4_2_1_ from address_in_groups groups0_ inner join group_list groupdata1_ on groups0_.group_id=groupdata1_.group_id where groups0_.id=?
]]></system-out>
  <system-err><![CDATA[]]></system-err>
</testsuite>
