<?xml version="1.0" encoding="UTF-8"?>
<testsuite name="ru.tests.ContactEmailTests" tests="1" skipped="0" failures="0" errors="0" timestamp="2017-02-27T17:39:06" hostname="User-Asus" time="0.792">
  <properties/>
  <testcase name="testContactEmails" classname="ru.tests.ContactEmailTests" time="0.792"/>
  <system-out><![CDATA[]]></system-out>
  <system-err><![CDATA[]]></system-err>
</testsuite>
