<?xml version="1.0" encoding="UTF-8"?>
<testsuite name="ru.tests.ContactCreationTests" tests="3" skipped="3" failures="0" errors="0" timestamp="2017-03-21T20:59:24" hostname="User-Asus" time="0.01">
  <properties/>
  <testcase name="testContactCreation" classname="ru.tests.ContactCreationTests" time="0.0">
    <skipped/>
  </testcase>
  <testcase name="testContactCreation" classname="ru.tests.ContactCreationTests" time="0.0">
    <skipped/>
  </testcase>
  <testcase name="testContactCreation" classname="ru.tests.ContactCreationTests" time="0.0">
    <skipped/>
  </testcase>
  <system-out><![CDATA[]]></system-out>
  <system-err><![CDATA[]]></system-err>
</testsuite>
