<?xml version="1.0" encoding="UTF-8"?>
<testsuite name="ru.tests.ContactDataTests" tests="1" skipped="0" failures="0" errors="0" timestamp="2017-02-27T14:57:24" hostname="svs-003" time="0.788">
  <properties/>
  <testcase name="testContactData" classname="ru.tests.ContactDataTests" time="0.788"/>
  <system-out><![CDATA[]]></system-out>
  <system-err><![CDATA[]]></system-err>
</testsuite>
