<?xml version="1.0" encoding="UTF-8"?>
<testsuite name="ru.tests.ContactEmailTests" tests="1" skipped="0" failures="0" errors="0" timestamp="2017-02-27T14:57:22" hostname="svs-003" time="0.622">
  <properties/>
  <testcase name="testContactEmails" classname="ru.tests.ContactEmailTests" time="0.622"/>
  <system-out><![CDATA[]]></system-out>
  <system-err><![CDATA[]]></system-err>
</testsuite>
