<?xml version="1.0" encoding="UTF-8"?>
<testsuite name="ru.tests.GroupCreationTests" tests="3" skipped="0" failures="0" errors="0" timestamp="2017-02-27T14:56:28" hostname="svs-003" time="12.295">
  <properties/>
  <testcase name="testGroupCreation[0](GroupData{id='0', name='test 0'})" classname="ru.tests.GroupCreationTests" time="5.638"/>
  <testcase name="testGroupCreation[1](GroupData{id='0', name='test 1'})" classname="ru.tests.GroupCreationTests" time="3.329"/>
  <testcase name="testGroupCreation[2](GroupData{id='0', name='test 2'})" classname="ru.tests.GroupCreationTests" time="3.328"/>
  <system-out><![CDATA[]]></system-out>
  <system-err><![CDATA[]]></system-err>
</testsuite>
