<?xml version="1.0" encoding="UTF-8"?>
<testsuite name="ru.tests.ContactModificationTests" tests="1" skipped="0" failures="0" errors="0" timestamp="2017-02-27T14:57:08" hostname="svs-003" time="12.867">
  <properties/>
  <testcase name="testContactModification" classname="ru.tests.ContactModificationTests" time="12.867"/>
  <system-out><![CDATA[]]></system-out>
  <system-err><![CDATA[]]></system-err>
</testsuite>
