<?xml version="1.0" encoding="UTF-8"?>
<testsuite name="ru.tests.ContactDeletionTests" tests="1" skipped="0" failures="0" errors="0" timestamp="2017-02-27T16:52:32" hostname="User-Asus" time="1.179">
  <properties/>
  <testcase name="testContactDeletion" classname="ru.tests.ContactDeletionTests" time="1.179"/>
  <system-out><![CDATA[]]></system-out>
  <system-err><![CDATA[]]></system-err>
</testsuite>
